2024-06-27 15:26:06 - [INFO] sphinx.validate: Starting SPHINX Validation and reading in files.
2024-06-27 15:26:06 - [INFO] sphinx.validate: Loaded all JSON files into Objects.
2024-06-27 15:26:06 - [INFO] object_handler.build_model_list: All models identified are: 
2024-06-27 15:26:06 - [INFO] object_handler.build_model_list: ['MagPy_SHARP_HMI_CEA', 'SEPMOD']
2024-06-27 15:26:06 - [INFO] sphinx.validate: Built model list.
2024-06-27 15:26:06 - [INFO] sphinx.validate: Starting matching process.
2024-06-27 15:26:06 - [INFO] match.match_all_forecasts: Compiling all observations into a dataframe.
2024-06-27 15:26:06 - [INFO] match.match_all_forecasts: Completed dataframe, identifying all thresholds applied to observed energy channels.
2024-06-27 15:26:06 - [INFO] match.match_all_forecasts: Starting matching process. Setting up dictionary for observed SEP events to go into a list for each model.
2024-06-27 15:26:06 - [INFO] match.match_all_forecasts: 
=================== Matching Report =========================
  Model: MagPy_SHARP_HMI_CEA
  Original prediction source: ./model/unittest/MAGPY/MagPy-HMI-SHARP-Vector.20110306T2100.20110306T2100.json
  Prediction Issue time: 2011-03-06 21:00:00
  Energy Channel: {'min': 10, 'max': -1, 'units': Unit("MeV")}
  User allowed mismatch: False

All Observations overlapping with the Prediction Window
-------------------------------------------------------------
  Prediction Window: 2011-03-06 21:00:00 to 2011-03-07 21:00:00
  Observations that overlapped with Prediction Window:
  Observation Sources: 
  ./data/GOES_SC24/GOES-13_integral.2011-02-16T210500Z.json  ./data/GOES_SC24/GOES-13_integral.2011-03-07T000000Z.json  Observed Time Profiles: 
  ./data/GOES_SC24/GOES-13_integral.2011-02-16T210500Z.10MeV.txt  ./data/GOES_SC24/GOES-13_integral.2011-03-07T000000Z.10MeV.txt
Prediction Eruption/Trigger/Input Timing
-------------------------------------------------------------
  Prediction last eruption time: None
  Prediction last trigger time: None
  Prediction last input time: 2011-03-06 21:00:00

Thresholds Applied to the Energy Channel
-------------------------------------------------------------
  {'threshold': 10, 'threshold_units': Unit("1 / (cm2 s sr)")}

Were thresholds crossed inside of the Prediction Window?
-------------------------------------------------------------
 Threshold: {'threshold': 10, 'threshold_units': Unit("1 / (cm2 s sr)")}
 Match Status: No SEP Event
  [False, False]
  Observed times (NaT = no crossing: 
  None

Was the Eruption (flare/CME) before Threshold Crossing?
-------------------------------------------------------------
 Threshold: {'threshold': 10, 'threshold_units': Unit("1 / (cm2 s sr)")}
  [None, None]
  Time diff (hrs) (eruption time - crossing):
  [None, None]

Were all Triggers before Threshold Crossing? 
-------------------------------------------------------------
 Threshold: {'threshold': 10, 'threshold_units': Unit("1 / (cm2 s sr)")}
  [None, None]

Were all Inputs before Threshold Crossing?
-------------------------------------------------------------
 Threshold: {'threshold': 10, 'threshold_units': Unit("1 / (cm2 s sr)")}
  [None, True]

Is the last Trigger before the Onset Peak (peak_intensity)?
-------------------------------------------------------------
  [None, None]
  Time difference (hrs) (last trigger - onset peak time):
  [None, None]

Is the last Input before the Onset Peak (peak_intensity)?
-------------------------------------------------------------
  [None, True]
  Time difference (hrs) (last input - onset peak time):
  [nan, -31.916666666666668]

Is the last Trigger before the Max Flux (peak_intensity_max)?
**If no SEP event, Max Flux is the maximum value in the observation period.
-------------------------------------------------------------
  [None, None]
  Time difference (hrs) (last trigger - max flux time):
  [None, None]

Is the last Input before the Max Flux (peak_intensity_max)?
**If no SEP event, Max Flux is the maximum value in the observation period.
-------------------------------------------------------------
  [False, True]
  Time difference (hrs) (last input - max flux time):
  [182.08333333333334, -35.00000000000001]

Is the last Trigger before the SEP End Time?
-------------------------------------------------------------
 Threshold: {'threshold': 10, 'threshold_units': Unit("1 / (cm2 s sr)")}
  [None, None]
  Time difference (hrs) (last trigger - SEP end time):
  [None, None]

Is the last Input before the SEP End Time?
-------------------------------------------------------------
 Threshold: {'threshold': 10, 'threshold_units': Unit("1 / (cm2 s sr)")}
  [None, True]
  Time difference (hrs) (last input - SEP end time):
  [nan, -78.66666666666667]

Does the Prediction Window overlap at all with an observed SEP event?
-------------------------------------------------------------
 Threshold: {'threshold': 10, 'threshold_units': Unit("1 / (cm2 s sr)")}
  [False, False]

Is there an ongoing observed SEP event at start of prediction window?
-------------------------------------------------------------
 Threshold: {'threshold': 10, 'threshold_units': Unit("1 / (cm2 s sr)")}
  [None, False]
================== END REPORT ===============================

2024-06-27 15:26:06 - [INFO] match.match_all_forecasts: 
=================== Matching Report =========================
  Model: SEPMOD
  Original prediction source: ./model/unittest/SEPMOD/SEPMOD_integral.2011-03-07T003000Z.json
  Prediction Issue time: 2023-08-25 16:00:37
  Energy Channel: {'min': 10, 'max': -1, 'units': Unit("MeV")}
  User allowed mismatch: False

All Observations overlapping with the Prediction Window
-------------------------------------------------------------
  Prediction Window: 2011-03-07 00:30:00 to 2011-03-13 23:30:00
  Observations that overlapped with Prediction Window:
  Observation Sources: 
  ./data/GOES_SC24/GOES-13_integral.2011-03-07T000000Z.json  ./data/GOES_SC24/GOES-13_integral.2011-03-13T130500Z.json  Observed Time Profiles: 
  ./data/GOES_SC24/GOES-13_integral.2011-03-07T000000Z.10MeV.txt  ./data/GOES_SC24/GOES-13_integral.2011-03-13T130500Z.10MeV.txt
Prediction Eruption/Trigger/Input Timing
-------------------------------------------------------------
  Prediction last eruption time: 2011-03-07 20:00:00
  Prediction last trigger time: 2011-03-07 20:00:00
  Prediction last input time: None

Thresholds Applied to the Energy Channel
-------------------------------------------------------------
  {'threshold': 10, 'threshold_units': Unit("1 / (cm2 s sr)")}

Were thresholds crossed inside of the Prediction Window?
-------------------------------------------------------------
 Threshold: {'threshold': 10, 'threshold_units': Unit("1 / (cm2 s sr)")}
 Match Status: SEP Event
  [True, False]
  Observed times (NaT = no crossing: 
  2011-03-08 01:05:00

Was the Eruption (flare/CME) before Threshold Crossing?
-------------------------------------------------------------
 Threshold: {'threshold': 10, 'threshold_units': Unit("1 / (cm2 s sr)")}
  [True, None]
  Time diff (hrs) (eruption time - crossing):
  [-5.083333333333333, nan]

Were all Triggers before Threshold Crossing? 
-------------------------------------------------------------
 Threshold: {'threshold': 10, 'threshold_units': Unit("1 / (cm2 s sr)")}
  [True, None]

Were all Inputs before Threshold Crossing?
-------------------------------------------------------------
 Threshold: {'threshold': 10, 'threshold_units': Unit("1 / (cm2 s sr)")}
  [None, None]

Is the last Trigger before the Onset Peak (peak_intensity)?
-------------------------------------------------------------
  [True, None]
  Time difference (hrs) (last trigger - onset peak time):
  [-8.916666666666668, nan]

Is the last Input before the Onset Peak (peak_intensity)?
-------------------------------------------------------------
  [None, None]
  Time difference (hrs) (last input - onset peak time):
  [None, None]

Is the last Trigger before the Max Flux (peak_intensity_max)?
**If no SEP event, Max Flux is the maximum value in the observation period.
-------------------------------------------------------------
  [True, True]
  Time difference (hrs) (last trigger - max flux time):
  [-12.0, -222.16666666666666]

Is the last Input before the Max Flux (peak_intensity_max)?
**If no SEP event, Max Flux is the maximum value in the observation period.
-------------------------------------------------------------
  [None, None]
  Time difference (hrs) (last input - max flux time):
  [None, None]

Is the last Trigger before the SEP End Time?
-------------------------------------------------------------
 Threshold: {'threshold': 10, 'threshold_units': Unit("1 / (cm2 s sr)")}
  [True, None]
  Time difference (hrs) (last trigger - SEP end time):
  [-55.666666666666664, nan]

Is the last Input before the SEP End Time?
-------------------------------------------------------------
 Threshold: {'threshold': 10, 'threshold_units': Unit("1 / (cm2 s sr)")}
  [None, None]
  Time difference (hrs) (last input - SEP end time):
  [None, None]

Does the Prediction Window overlap at all with an observed SEP event?
-------------------------------------------------------------
 Threshold: {'threshold': 10, 'threshold_units': Unit("1 / (cm2 s sr)")}
  [True, False]

Is there an ongoing observed SEP event at start of prediction window?
-------------------------------------------------------------
 Threshold: {'threshold': 10, 'threshold_units': Unit("1 / (cm2 s sr)")}
  [False, None]
================== END REPORT ===============================

2024-06-27 15:26:06 - [INFO] match.match_all_forecasts: 
=================== Matching Report =========================
  Model: SEPMOD
  Original prediction source: ./model/unittest/SEPMOD/SEPMOD_integral.2011-03-07T003000Z.json
  Prediction Issue time: 2023-08-25 16:00:37
  Energy Channel: {'min': 100, 'max': -1, 'units': Unit("MeV")}
  User allowed mismatch: False

All Observations overlapping with the Prediction Window
-------------------------------------------------------------
  Prediction Window: 2011-03-07 00:30:00 to 2011-03-13 23:30:00
  Observations that overlapped with Prediction Window:
  Observation Sources: 
  ./data/GOES_SC24/GOES-13_integral.2011-03-07T000000Z.json  ./data/GOES_SC24/GOES-13_integral.2011-03-13T130500Z.json  Observed Time Profiles: 
  ./data/GOES_SC24/GOES-13_integral.2011-03-07T000000Z.100MeV.txt  ./data/GOES_SC24/GOES-13_integral.2011-03-13T130500Z.100MeV.txt
Prediction Eruption/Trigger/Input Timing
-------------------------------------------------------------
  Prediction last eruption time: 2011-03-07 20:00:00
  Prediction last trigger time: 2011-03-07 20:00:00
  Prediction last input time: None

Thresholds Applied to the Energy Channel
-------------------------------------------------------------
  {'threshold': 1, 'threshold_units': Unit("1 / (cm2 s sr)")}

Were thresholds crossed inside of the Prediction Window?
-------------------------------------------------------------
 Threshold: {'threshold': 1, 'threshold_units': Unit("1 / (cm2 s sr)")}
 Match Status: No SEP Event
  [False, False]
  Observed times (NaT = no crossing: 
  None

Was the Eruption (flare/CME) before Threshold Crossing?
-------------------------------------------------------------
 Threshold: {'threshold': 1, 'threshold_units': Unit("1 / (cm2 s sr)")}
  [None, None]
  Time diff (hrs) (eruption time - crossing):
  [nan, nan]

Were all Triggers before Threshold Crossing? 
-------------------------------------------------------------
 Threshold: {'threshold': 1, 'threshold_units': Unit("1 / (cm2 s sr)")}
  [None, None]

Were all Inputs before Threshold Crossing?
-------------------------------------------------------------
 Threshold: {'threshold': 1, 'threshold_units': Unit("1 / (cm2 s sr)")}
  [None, None]

Is the last Trigger before the Onset Peak (peak_intensity)?
-------------------------------------------------------------
  [None, None]
  Time difference (hrs) (last trigger - onset peak time):
  [nan, nan]

Is the last Input before the Onset Peak (peak_intensity)?
-------------------------------------------------------------
  [None, None]
  Time difference (hrs) (last input - onset peak time):
  [None, None]

Is the last Trigger before the Max Flux (peak_intensity_max)?
**If no SEP event, Max Flux is the maximum value in the observation period.
-------------------------------------------------------------
  [True, True]
  Time difference (hrs) (last trigger - max flux time):
  [-5.583333333333333, -275.50000000000006]

Is the last Input before the Max Flux (peak_intensity_max)?
**If no SEP event, Max Flux is the maximum value in the observation period.
-------------------------------------------------------------
  [None, None]
  Time difference (hrs) (last input - max flux time):
  [None, None]

Is the last Trigger before the SEP End Time?
-------------------------------------------------------------
 Threshold: {'threshold': 1, 'threshold_units': Unit("1 / (cm2 s sr)")}
  [None, None]
  Time difference (hrs) (last trigger - SEP end time):
  [nan, nan]

Is the last Input before the SEP End Time?
-------------------------------------------------------------
 Threshold: {'threshold': 1, 'threshold_units': Unit("1 / (cm2 s sr)")}
  [None, None]
  Time difference (hrs) (last input - SEP end time):
  [None, None]

Does the Prediction Window overlap at all with an observed SEP event?
-------------------------------------------------------------
 Threshold: {'threshold': 1, 'threshold_units': Unit("1 / (cm2 s sr)")}
  [False, False]

Is there an ongoing observed SEP event at start of prediction window?
-------------------------------------------------------------
 Threshold: {'threshold': 1, 'threshold_units': Unit("1 / (cm2 s sr)")}
  [None, None]
================== END REPORT ===============================

2024-06-27 15:26:06 - [INFO] match.match_all_forecasts: 
=================== Matching Report =========================
  Model: SEPMOD
  Original prediction source: ./model/unittest/SEPMOD/SEPMOD_integral.2011-03-07T003000Z.json
  Prediction Issue time: 2023-08-25 16:00:37
  Energy Channel: {'min': 30.0, 'max': -1, 'units': Unit("MeV")}
  User allowed mismatch: False

All Observations overlapping with the Prediction Window
-------------------------------------------------------------
  Prediction Window: 2011-03-07 00:30:00 to 2011-03-13 23:30:00
  Observations that overlapped with Prediction Window:
  Observation Sources: 
  ./data/GOES_SC24/GOES-13_integral.2011-03-07T000000Z.json  ./data/GOES_SC24/GOES-13_integral.2011-03-13T130500Z.json  Observed Time Profiles: 
  ./data/GOES_SC24/GOES-13_integral.2011-03-07T000000Z.30.0MeV.txt  ./data/GOES_SC24/GOES-13_integral.2011-03-13T130500Z.30.0MeV.txt
Prediction Eruption/Trigger/Input Timing
-------------------------------------------------------------
  Prediction last eruption time: 2011-03-07 20:00:00
  Prediction last trigger time: 2011-03-07 20:00:00
  Prediction last input time: None

Thresholds Applied to the Energy Channel
-------------------------------------------------------------
  {'threshold': 1.0, 'threshold_units': Unit("1 / (cm2 s sr)")}

Were thresholds crossed inside of the Prediction Window?
-------------------------------------------------------------
 Threshold: {'threshold': 1.0, 'threshold_units': Unit("1 / (cm2 s sr)")}
 Match Status: SEP Event
  [True, False]
  Observed times (NaT = no crossing: 
  2011-03-08 00:45:00

Was the Eruption (flare/CME) before Threshold Crossing?
-------------------------------------------------------------
 Threshold: {'threshold': 1.0, 'threshold_units': Unit("1 / (cm2 s sr)")}
  [True, None]
  Time diff (hrs) (eruption time - crossing):
  [-4.75, nan]

Were all Triggers before Threshold Crossing? 
-------------------------------------------------------------
 Threshold: {'threshold': 1.0, 'threshold_units': Unit("1 / (cm2 s sr)")}
  [True, None]

Were all Inputs before Threshold Crossing?
-------------------------------------------------------------
 Threshold: {'threshold': 1.0, 'threshold_units': Unit("1 / (cm2 s sr)")}
  [None, None]

Is the last Trigger before the Onset Peak (peak_intensity)?
-------------------------------------------------------------
  [True, None]
  Time difference (hrs) (last trigger - onset peak time):
  [-8.416666666666668, nan]

Is the last Input before the Onset Peak (peak_intensity)?
-------------------------------------------------------------
  [None, None]
  Time difference (hrs) (last input - onset peak time):
  [None, None]

Is the last Trigger before the Max Flux (peak_intensity_max)?
**If no SEP event, Max Flux is the maximum value in the observation period.
-------------------------------------------------------------
  [True, True]
  Time difference (hrs) (last trigger - max flux time):
  [-12.333333333333334, -287.08333333333337]

Is the last Input before the Max Flux (peak_intensity_max)?
**If no SEP event, Max Flux is the maximum value in the observation period.
-------------------------------------------------------------
  [None, None]
  Time difference (hrs) (last input - max flux time):
  [None, None]

Is the last Trigger before the SEP End Time?
-------------------------------------------------------------
 Threshold: {'threshold': 1.0, 'threshold_units': Unit("1 / (cm2 s sr)")}
  [True, None]
  Time difference (hrs) (last trigger - SEP end time):
  [-31.583333333333332, nan]

Is the last Input before the SEP End Time?
-------------------------------------------------------------
 Threshold: {'threshold': 1.0, 'threshold_units': Unit("1 / (cm2 s sr)")}
  [None, None]
  Time difference (hrs) (last input - SEP end time):
  [None, None]

Does the Prediction Window overlap at all with an observed SEP event?
-------------------------------------------------------------
 Threshold: {'threshold': 1.0, 'threshold_units': Unit("1 / (cm2 s sr)")}
  [True, False]

Is there an ongoing observed SEP event at start of prediction window?
-------------------------------------------------------------
 Threshold: {'threshold': 1.0, 'threshold_units': Unit("1 / (cm2 s sr)")}
  [False, None]
================== END REPORT ===============================

2024-06-27 15:26:07 - [INFO] match.match_all_forecasts: 
=================== Matching Report =========================
  Model: SEPMOD
  Original prediction source: ./model/unittest/SEPMOD/SEPMOD_integral.2011-03-07T003000Z.json
  Prediction Issue time: 2023-08-25 16:00:37
  Energy Channel: {'min': 50.0, 'max': -1, 'units': Unit("MeV")}
  User allowed mismatch: False

All Observations overlapping with the Prediction Window
-------------------------------------------------------------
  Prediction Window: 2011-03-07 00:30:00 to 2011-03-13 23:30:00
  Observations that overlapped with Prediction Window:
  Observation Sources: 
  ./data/GOES_SC24/GOES-13_integral.2011-03-07T000000Z.json  ./data/GOES_SC24/GOES-13_integral.2011-03-13T130500Z.json  Observed Time Profiles: 
  ./data/GOES_SC24/GOES-13_integral.2011-03-07T000000Z.50.0MeV.txt  ./data/GOES_SC24/GOES-13_integral.2011-03-13T130500Z.50.0MeV.txt
Prediction Eruption/Trigger/Input Timing
-------------------------------------------------------------
  Prediction last eruption time: 2011-03-07 20:00:00
  Prediction last trigger time: 2011-03-07 20:00:00
  Prediction last input time: None

Thresholds Applied to the Energy Channel
-------------------------------------------------------------
  {'threshold': 1.0, 'threshold_units': Unit("1 / (cm2 s sr)")}

Were thresholds crossed inside of the Prediction Window?
-------------------------------------------------------------
 Threshold: {'threshold': 1.0, 'threshold_units': Unit("1 / (cm2 s sr)")}
 Match Status: No SEP Event
  [False, False]
  Observed times (NaT = no crossing: 
  None

Was the Eruption (flare/CME) before Threshold Crossing?
-------------------------------------------------------------
 Threshold: {'threshold': 1.0, 'threshold_units': Unit("1 / (cm2 s sr)")}
  [None, None]
  Time diff (hrs) (eruption time - crossing):
  [nan, nan]

Were all Triggers before Threshold Crossing? 
-------------------------------------------------------------
 Threshold: {'threshold': 1.0, 'threshold_units': Unit("1 / (cm2 s sr)")}
  [None, None]

Were all Inputs before Threshold Crossing?
-------------------------------------------------------------
 Threshold: {'threshold': 1.0, 'threshold_units': Unit("1 / (cm2 s sr)")}
  [None, None]

Is the last Trigger before the Onset Peak (peak_intensity)?
-------------------------------------------------------------
  [None, None]
  Time difference (hrs) (last trigger - onset peak time):
  [nan, nan]

Is the last Input before the Onset Peak (peak_intensity)?
-------------------------------------------------------------
  [None, None]
  Time difference (hrs) (last input - onset peak time):
  [None, None]

Is the last Trigger before the Max Flux (peak_intensity_max)?
**If no SEP event, Max Flux is the maximum value in the observation period.
-------------------------------------------------------------
  [True, True]
  Time difference (hrs) (last trigger - max flux time):
  [-12.916666666666666, -225.58333333333334]

Is the last Input before the Max Flux (peak_intensity_max)?
**If no SEP event, Max Flux is the maximum value in the observation period.
-------------------------------------------------------------
  [None, None]
  Time difference (hrs) (last input - max flux time):
  [None, None]

Is the last Trigger before the SEP End Time?
-------------------------------------------------------------
 Threshold: {'threshold': 1.0, 'threshold_units': Unit("1 / (cm2 s sr)")}
  [None, None]
  Time difference (hrs) (last trigger - SEP end time):
  [nan, nan]

Is the last Input before the SEP End Time?
-------------------------------------------------------------
 Threshold: {'threshold': 1.0, 'threshold_units': Unit("1 / (cm2 s sr)")}
  [None, None]
  Time difference (hrs) (last input - SEP end time):
  [None, None]

Does the Prediction Window overlap at all with an observed SEP event?
-------------------------------------------------------------
 Threshold: {'threshold': 1.0, 'threshold_units': Unit("1 / (cm2 s sr)")}
  [False, False]

Is there an ongoing observed SEP event at start of prediction window?
-------------------------------------------------------------
 Threshold: {'threshold': 1.0, 'threshold_units': Unit("1 / (cm2 s sr)")}
  [None, None]
================== END REPORT ===============================

2024-06-27 15:26:07 - [INFO] sphinx.validate: Completed matching process and starting intuitive validation.
2024-06-27 15:26:07 - [INFO] validation.intuitive_validation: Beginning validation process.
2024-06-27 15:26:07 - [INFO] validation.intuitive_validation: Filling dataframe with information from matched sphinx objects.
2024-06-27 15:26:07 - [INFO] validation.fill_df: ---Model: MagPy_SHARP_HMI_CEA, Energy Channel: min.10.0.max.-1.0.units.MeV
2024-06-27 15:26:07 - [INFO] validation.fill_df: ---Model: MagPy_SHARP_HMI_CEA, Energy Channel: min.100.0.max.-1.0.units.MeV
2024-06-27 15:26:07 - [INFO] validation.fill_df: ---Model: MagPy_SHARP_HMI_CEA, Energy Channel: min.30.0.max.-1.0.units.MeV
2024-06-27 15:26:07 - [INFO] validation.fill_df: ---Model: MagPy_SHARP_HMI_CEA, Energy Channel: min.50.0.max.-1.0.units.MeV
2024-06-27 15:26:07 - [INFO] validation.fill_df: ---Model: SEPMOD, Energy Channel: min.10.0.max.-1.0.units.MeV
2024-06-27 15:26:07 - [INFO] validation.fill_df: ---Model: SEPMOD, Energy Channel: min.100.0.max.-1.0.units.MeV
2024-06-27 15:26:07 - [INFO] validation.fill_df: ---Model: SEPMOD, Energy Channel: min.30.0.max.-1.0.units.MeV
2024-06-27 15:26:07 - [INFO] validation.fill_df: ---Model: SEPMOD, Energy Channel: min.50.0.max.-1.0.units.MeV
2024-06-27 15:26:07 - [INFO] validation.intuitive_validation: Completed filling dataframe (and possibly writing). 
2024-06-27 15:26:07 - [INFO] validation.intuitive_validation: Resume boolean is False
2024-06-27 15:26:07 - [INFO] validation.intuitive_validation: Calculating metrics from dataframe.
2024-06-27 15:26:07 - [INFO] validation.intuitive_validation: Starting validation of All forecasts.
2024-06-27 15:26:07 - [INFO] validation.calculate_intuitive_metrics: Calculating metrics for MagPy_SHARP_HMI_CEA, min.10.0.max.-1.0.units.MeV, threshold.10.0.units.1 / (cm2 s sr)
2024-06-27 15:26:07 - [INFO] validation.calculate_intuitive_metrics: Calculating metrics for MagPy_SHARP_HMI_CEA, min.100.0.max.-1.0.units.MeV, threshold.1.0.units.1 / (cm2 s sr)
2024-06-27 15:26:07 - [INFO] validation.calculate_intuitive_metrics: Calculating metrics for MagPy_SHARP_HMI_CEA, min.30.0.max.-1.0.units.MeV, threshold.1.0.units.1 / (cm2 s sr)
2024-06-27 15:26:07 - [INFO] validation.calculate_intuitive_metrics: Calculating metrics for MagPy_SHARP_HMI_CEA, min.50.0.max.-1.0.units.MeV, threshold.1.0.units.1 / (cm2 s sr)
2024-06-27 15:26:07 - [INFO] validation.calculate_intuitive_metrics: Calculating metrics for SEPMOD, min.10.0.max.-1.0.units.MeV, threshold.10.0.units.1 / (cm2 s sr)
2024-06-27 15:26:07 - [INFO] validation.time_profile_intuitive_metrics: Time profile of ./model/unittest/SEPMOD/SEPMOD_integral.2011-03-07T003000Z.2023-08-25T160037Z.10MeV.txt compared to observations.
2024-06-27 15:26:07 - [INFO] validation.time_profile_intuitive_metrics: ======NAMES OF OBSERVED TIME PROFILE++++
2024-06-27 15:26:07 - [INFO] validation.time_profile_intuitive_metrics: Trimming between 2011-03-08 01:05:00 and 2011-03-10 03:40:00
2024-06-27 15:26:08 - [INFO] validation.calculate_intuitive_metrics: Calculating metrics for SEPMOD, min.100.0.max.-1.0.units.MeV, threshold.1.0.units.1 / (cm2 s sr)
2024-06-27 15:26:08 - [INFO] validation.calculate_intuitive_metrics: Calculating metrics for SEPMOD, min.30.0.max.-1.0.units.MeV, threshold.1.0.units.1 / (cm2 s sr)
2024-06-27 15:26:08 - [INFO] validation.time_profile_intuitive_metrics: Time profile of ./model/unittest/SEPMOD/SEPMOD_integral.2011-03-07T003000Z.2023-08-25T160037Z.30.0MeV.txt compared to observations.
2024-06-27 15:26:08 - [INFO] validation.time_profile_intuitive_metrics: ======NAMES OF OBSERVED TIME PROFILE++++
2024-06-27 15:26:08 - [INFO] validation.time_profile_intuitive_metrics: Trimming between 2011-03-08 00:45:00 and 2011-03-09 03:35:00
2024-06-27 15:26:09 - [INFO] validation.calculate_intuitive_metrics: Calculating metrics for SEPMOD, min.50.0.max.-1.0.units.MeV, threshold.1.0.units.1 / (cm2 s sr)
2024-06-27 15:26:09 - [INFO] validation.calculate_intuitive_metrics: Completed calculating all metrics.
2024-06-27 15:26:09 - [INFO] validation.calculate_intuitive_metrics: Wrote out all metrics.
2024-06-27 15:26:09 - [INFO] validation.intuitive_validation: Starting validation of First forecasts.
2024-06-27 15:26:09 - [INFO] validation.calculate_intuitive_metrics: Calculating metrics for MagPy_SHARP_HMI_CEA, min.10.0.max.-1.0.units.MeV, threshold.10.0.units.1 / (cm2 s sr)
2024-06-27 15:26:09 - [INFO] validation.calculate_intuitive_metrics: Calculating metrics for MagPy_SHARP_HMI_CEA, min.100.0.max.-1.0.units.MeV, threshold.1.0.units.1 / (cm2 s sr)
2024-06-27 15:26:09 - [INFO] validation.calculate_intuitive_metrics: Calculating metrics for MagPy_SHARP_HMI_CEA, min.30.0.max.-1.0.units.MeV, threshold.1.0.units.1 / (cm2 s sr)
2024-06-27 15:26:09 - [INFO] validation.calculate_intuitive_metrics: Calculating metrics for MagPy_SHARP_HMI_CEA, min.50.0.max.-1.0.units.MeV, threshold.1.0.units.1 / (cm2 s sr)
2024-06-27 15:26:09 - [INFO] validation.calculate_intuitive_metrics: Calculating metrics for SEPMOD, min.10.0.max.-1.0.units.MeV, threshold.10.0.units.1 / (cm2 s sr)
2024-06-27 15:26:09 - [INFO] validation.calculate_intuitive_metrics: Calculating metrics for SEPMOD, min.100.0.max.-1.0.units.MeV, threshold.1.0.units.1 / (cm2 s sr)
2024-06-27 15:26:09 - [INFO] validation.calculate_intuitive_metrics: Calculating metrics for SEPMOD, min.30.0.max.-1.0.units.MeV, threshold.1.0.units.1 / (cm2 s sr)
2024-06-27 15:26:09 - [INFO] validation.calculate_intuitive_metrics: Calculating metrics for SEPMOD, min.50.0.max.-1.0.units.MeV, threshold.1.0.units.1 / (cm2 s sr)
2024-06-27 15:26:09 - [INFO] validation.calculate_intuitive_metrics: Completed calculating all metrics.
2024-06-27 15:26:09 - [INFO] validation.calculate_intuitive_metrics: Wrote out all metrics.
2024-06-27 15:26:09 - [INFO] validation.intuitive_validation: Starting validation of Last forecasts.
2024-06-27 15:26:09 - [INFO] validation.calculate_intuitive_metrics: Calculating metrics for MagPy_SHARP_HMI_CEA, min.10.0.max.-1.0.units.MeV, threshold.10.0.units.1 / (cm2 s sr)
2024-06-27 15:26:09 - [INFO] validation.calculate_intuitive_metrics: Calculating metrics for MagPy_SHARP_HMI_CEA, min.100.0.max.-1.0.units.MeV, threshold.1.0.units.1 / (cm2 s sr)
2024-06-27 15:26:09 - [INFO] validation.calculate_intuitive_metrics: Calculating metrics for MagPy_SHARP_HMI_CEA, min.30.0.max.-1.0.units.MeV, threshold.1.0.units.1 / (cm2 s sr)
2024-06-27 15:26:09 - [INFO] validation.calculate_intuitive_metrics: Calculating metrics for MagPy_SHARP_HMI_CEA, min.50.0.max.-1.0.units.MeV, threshold.1.0.units.1 / (cm2 s sr)
2024-06-27 15:26:09 - [INFO] validation.calculate_intuitive_metrics: Calculating metrics for SEPMOD, min.10.0.max.-1.0.units.MeV, threshold.10.0.units.1 / (cm2 s sr)
2024-06-27 15:26:09 - [INFO] validation.calculate_intuitive_metrics: Calculating metrics for SEPMOD, min.100.0.max.-1.0.units.MeV, threshold.1.0.units.1 / (cm2 s sr)
2024-06-27 15:26:09 - [INFO] validation.calculate_intuitive_metrics: Calculating metrics for SEPMOD, min.30.0.max.-1.0.units.MeV, threshold.1.0.units.1 / (cm2 s sr)
2024-06-27 15:26:09 - [INFO] validation.calculate_intuitive_metrics: Calculating metrics for SEPMOD, min.50.0.max.-1.0.units.MeV, threshold.1.0.units.1 / (cm2 s sr)
2024-06-27 15:26:09 - [INFO] validation.calculate_intuitive_metrics: Completed calculating all metrics.
2024-06-27 15:26:09 - [INFO] validation.calculate_intuitive_metrics: Wrote out all metrics.
2024-06-27 15:26:09 - [INFO] validation.intuitive_validation: Starting validation of Max forecasts.
2024-06-27 15:26:09 - [INFO] validation.calculate_intuitive_metrics: Calculating metrics for MagPy_SHARP_HMI_CEA, min.10.0.max.-1.0.units.MeV, threshold.10.0.units.1 / (cm2 s sr)
2024-06-27 15:26:09 - [INFO] validation.calculate_intuitive_metrics: Calculating metrics for MagPy_SHARP_HMI_CEA, min.100.0.max.-1.0.units.MeV, threshold.1.0.units.1 / (cm2 s sr)
2024-06-27 15:26:09 - [INFO] validation.calculate_intuitive_metrics: Calculating metrics for MagPy_SHARP_HMI_CEA, min.30.0.max.-1.0.units.MeV, threshold.1.0.units.1 / (cm2 s sr)
2024-06-27 15:26:09 - [INFO] validation.calculate_intuitive_metrics: Calculating metrics for MagPy_SHARP_HMI_CEA, min.50.0.max.-1.0.units.MeV, threshold.1.0.units.1 / (cm2 s sr)
2024-06-27 15:26:09 - [INFO] validation.calculate_intuitive_metrics: Calculating metrics for SEPMOD, min.10.0.max.-1.0.units.MeV, threshold.10.0.units.1 / (cm2 s sr)
2024-06-27 15:26:09 - [INFO] validation.calculate_intuitive_metrics: Calculating metrics for SEPMOD, min.100.0.max.-1.0.units.MeV, threshold.1.0.units.1 / (cm2 s sr)
2024-06-27 15:26:09 - [INFO] validation.calculate_intuitive_metrics: Calculating metrics for SEPMOD, min.30.0.max.-1.0.units.MeV, threshold.1.0.units.1 / (cm2 s sr)
2024-06-27 15:26:09 - [INFO] validation.calculate_intuitive_metrics: Calculating metrics for SEPMOD, min.50.0.max.-1.0.units.MeV, threshold.1.0.units.1 / (cm2 s sr)
2024-06-27 15:26:09 - [INFO] validation.calculate_intuitive_metrics: Completed calculating all metrics.
2024-06-27 15:26:09 - [INFO] validation.calculate_intuitive_metrics: Wrote out all metrics.
2024-06-27 15:26:09 - [INFO] validation.intuitive_validation: Starting validation of Mean forecasts.
2024-06-27 15:26:09 - [INFO] validation.calculate_intuitive_metrics: Calculating metrics for MagPy_SHARP_HMI_CEA, min.10.0.max.-1.0.units.MeV, threshold.10.0.units.1 / (cm2 s sr)
2024-06-27 15:26:09 - [INFO] validation.calculate_intuitive_metrics: Calculating metrics for MagPy_SHARP_HMI_CEA, min.100.0.max.-1.0.units.MeV, threshold.1.0.units.1 / (cm2 s sr)
2024-06-27 15:26:09 - [INFO] validation.calculate_intuitive_metrics: Calculating metrics for MagPy_SHARP_HMI_CEA, min.30.0.max.-1.0.units.MeV, threshold.1.0.units.1 / (cm2 s sr)
2024-06-27 15:26:09 - [INFO] validation.calculate_intuitive_metrics: Calculating metrics for MagPy_SHARP_HMI_CEA, min.50.0.max.-1.0.units.MeV, threshold.1.0.units.1 / (cm2 s sr)
2024-06-27 15:26:09 - [INFO] validation.calculate_intuitive_metrics: Calculating metrics for SEPMOD, min.10.0.max.-1.0.units.MeV, threshold.10.0.units.1 / (cm2 s sr)
2024-06-27 15:26:09 - [INFO] validation.calculate_intuitive_metrics: Calculating metrics for SEPMOD, min.100.0.max.-1.0.units.MeV, threshold.1.0.units.1 / (cm2 s sr)
2024-06-27 15:26:09 - [INFO] validation.calculate_intuitive_metrics: Calculating metrics for SEPMOD, min.30.0.max.-1.0.units.MeV, threshold.1.0.units.1 / (cm2 s sr)
2024-06-27 15:26:09 - [INFO] validation.calculate_intuitive_metrics: Calculating metrics for SEPMOD, min.50.0.max.-1.0.units.MeV, threshold.1.0.units.1 / (cm2 s sr)
2024-06-27 15:26:09 - [INFO] validation.calculate_intuitive_metrics: Completed calculating all metrics.
2024-06-27 15:26:09 - [INFO] validation.calculate_intuitive_metrics: Wrote out all metrics.
2024-06-27 15:26:09 - [INFO] validation.intuitive_validation: intuitive_validation: Validation process complete.
2024-06-27 15:26:09 - [INFO] sphinx.validate: Completed validation.
2024-06-27 15:26:09 - [INFO] report.convert_markdown_to_html: Generating HTML report...MagPy_SHARP_HMI_CEA...All
2024-06-27 15:26:09 - [INFO] report.report:     Complete
2024-06-27 15:26:09 - [INFO] report.convert_markdown_to_html: Generating HTML report...SEPMOD...All
2024-06-27 15:26:10 - [INFO] report.report:     Complete
